#
# A fatal error has been detected by the Java Runtime Environment:
#
#  EXCEPTION_ACCESS_VIOLATION (0xc0000005) at pc=0x00007ffea539ae9f, pid=12420, tid=14740
#
# JRE version: Java(TM) SE Runtime Environment (19.0.1+10) (build 19.0.1+10-21)
# Java VM: Java HotSpot(TM) 64-Bit Server VM (19.0.1+10-21, mixed mode, sharing, tiered, compressed oops, compressed class ptrs, g1 gc, windows-amd64)
# Problematic frame:
# V  [jvm.dll+0x20ae9f]
#
# No core dump will be written. Minidumps are not enabled by default on client versions of Windows
#
# If you would like to submit a bug report, please visit:
#   https://bugreport.java.com/bugreport/crash.jsp
#

---------------  S U M M A R Y ------------

Command Line: -Dfile.encoding=UTF-8 -Ddb2.jcc.charsetDecoderEncoder=3 com.ibm.db2.server.DssLauncher 3000 off c:\Users\adsti\AppData\Roaming\Code\logs\20250301T210210\window1\exthost\IBM.db2forzosdeveloperextension -Xmx256M

Host: AMD Ryzen 9 3900X 12-Core Processor            , 24 cores, 63G,  Windows 11 , 64 bit Build 26100 (10.0.26100.3037)
Time: Sat Mar  1 21:02:14 2025 Central Standard Time elapsed time: 0.081876 seconds (0d 0h 0m 0s)

---------------  T H R E A D  ---------------

Current thread (0x000001a42f174520):  JavaThread "C1 CompilerThread1" daemon [_thread_in_vm, id=14740, stack(0x0000000675200000,0x0000000675300000)]


Current CompileTask:
C1:     81  225       3       java.util.concurrent.ConcurrentHashMap$Traverser::advance (188 bytes)

Stack: [0x0000000675200000,0x0000000675300000],  sp=0x00000006752fdf20,  free space=1015k
Native frames: (J=compiled Java code, j=interpreted, Vv=VM code, C=native code)
V  [jvm.dll+0x20ae9f]
V  [jvm.dll+0x1ff1d4]
V  [jvm.dll+0x2083eb]
V  [jvm.dll+0x208b66]
V  [jvm.dll+0x1f7150]
V  [jvm.dll+0x1f6d70]
V  [jvm.dll+0x20c289]
V  [jvm.dll+0x16a54d]
V  [jvm.dll+0x16d0e7]
V  [jvm.dll+0x16b6f5]
V  [jvm.dll+0x165600]
V  [jvm.dll+0x175076]
V  [jvm.dll+0x160c20]
V  [jvm.dll+0x160f93]
V  [jvm.dll+0x161278]
V  [jvm.dll+0x1606d6]
V  [jvm.dll+0x1623cd]
V  [jvm.dll+0x25b0fa]
V  [jvm.dll+0x259588]
V  [jvm.dll+0x807928]
V  [jvm.dll+0x8015fa]
V  [jvm.dll+0x6ed5eb]
C  [ucrtbase.dll+0x37b0]
C  [KERNEL32.DLL+0x2e8d7]
C  [ntdll.dll+0xbbf2c]


siginfo: EXCEPTION_ACCESS_VIOLATION (0xc0000005), reading address 0x0000000000000018


Registers:
RAX=0x000001a42f1ec9d8, RBX=0x0000000000010388, RCX=0x00000006752fdf58, RDX=0x0000000000000031
RSP=0x00000006752fdf20, RBP=0x00000006752fe000, RSI=0x0000000000000000, RDI=0x000001a42f1ec9a0
R8 =0x0000000000000031, R9 =0x000001a42f1e7650, R10=0x0000000673c95000, R11=0x00000006752fddc0
R12=0x0000000000000003, R13=0x00007ffea5cea630, R14=0x000001a42f16f6f0, R15=0x00000006752ff0f0
RIP=0x00007ffea539ae9f, EFLAGS=0x0000000000010293


Register to memory mapping:

RIP=0x00007ffea539ae9f jvm.dll
RAX=0x000001a42f1ec9d8 points into unknown readable memory: 0x000001a42f1ec130 | 30 c1 1e 2f a4 01 00 00
RBX=0x0000000000010388 is an unknown value
RCX=0x00000006752fdf58 is pointing into the stack for thread: 0x000001a42f174520
RDX=0x0000000000000031 is an unknown value
RSP=0x00000006752fdf20 is pointing into the stack for thread: 0x000001a42f174520
RBP=0x00000006752fe000 is pointing into the stack for thread: 0x000001a42f174520
RSI=0x0 is NULL
RDI=0x000001a42f1ec9a0 points into unknown readable memory: 0x000001a42f1ec980 | 80 c9 1e 2f a4 01 00 00
R8 =0x0000000000000031 is an unknown value
R9 =0x000001a42f1e7650 points into unknown readable memory: 0x000001a42f0870c8 | c8 70 08 2f a4 01 00 00
R10=0x0000000673c95000 points into unknown readable memory: 0x0000000000000000 | 00 00 00 00 00 00 00 00
R11=0x00000006752fddc0 is pointing into the stack for thread: 0x000001a42f174520
R12=0x0000000000000003 is an unknown value
R13=0x00007ffea5cea630 jvm.dll
R14=0x000001a42f16f6f0 points into unknown readable memory: 0x0000000000000007 | 07 00 00 00 00 00 00 00
R15=0x00000006752ff0f0 is pointing into the stack for thread: 0x000001a42f174520


Top of Stack: (sp=0x00000006752fdf20)
0x00000006752fdf20:   0000000000010388 000001a42f086e50
0x00000006752fdf30:   0000000000000000 000001a42f1eca18
0x00000006752fdf40:   0000abcae2a9be00 0000000800843368
0x00000006752fdf50:   000001a42f0a4f98 000000080058c8d8
0x00000006752fdf60:   0000003200000031 0000000100000033
0x00000006752fdf70:   0000000100000000 00000008004b4b38
0x00000006752fdf80:   0000000000000000 00007ffea575d172
0x00000006752fdf90:   00000006752fe060 000001a42f0b6f60
0x00000006752fdfa0:   00000006752ff0f0 000001a42f1ec980
0x00000006752fdfb0:   000000080058c8c8 000001a42f1ec8b8
0x00000006752fdfc0:   00000006752fe060 0000000000000000
0x00000006752fdfd0:   0000000800843368 00007ffea538f1d4
0x00000006752fdfe0:   000001a42f09cfb0 0000000000010388
0x00000006752fdff0:   00000006752fe000 000001a42f0a1478
0x00000006752fe000:   0000000800843368 000001a42f174520
0x00000006752fe010:   000001a42f1e7fc0 000001a42f0b6f60 

Instructions: (pc=0x00007ffea539ae9f)
0x00007ffea539ad9f:   38 48 8b d0 e8 38 df ff ff 48 8b 57 08 4c 8b c8
0x00007ffea539adaf:   4c 8b c5 c6 44 24 20 00 49 8b cf e8 a1 ba fe ff
0x00007ffea539adbf:   83 7c 24 54 03 48 8b f0 0f 84 e5 00 00 00 8b 4f
0x00007ffea539adcf:   10 3b 4f 14 0f 85 af 00 00 00 8d 41 01 85 c0 74
0x00007ffea539addf:   04 85 c8 74 0c 0f bd c8 b8 01 00 00 00 ff c1 d3
0x00007ffea539adef:   e0 4c 8b 47 20 ba 08 00 00 00 89 47 14 8b c8 4d
0x00007ffea539adff:   85 c0 75 07 e8 08 72 19 00 eb 1b 41 f6 c0 01 74
0x00007ffea539ae0f:   10 49 d1 e8 41 83 f8 1b 74 ea e8 d2 71 19 00 eb
0x00007ffea539ae1f:   05 e8 8b 71 19 00 48 8b d8 33 c0 39 47 10 7e 2a
0x00007ffea539ae2f:   45 33 c0 0f 1f 40 00 66 66 0f 1f 84 00 00 00 00
0x00007ffea539ae3f:   00 48 8b 4f 18 4d 8d 40 08 ff c0 49 8b 54 08 f8
0x00007ffea539ae4f:   49 89 54 18 f8 3b 47 10 7c e7 3b 47 14 7d 12 66
0x00007ffea539ae5f:   90 48 63 c8 33 d2 ff c0 48 89 14 cb 3b 47 14 7c
0x00007ffea539ae6f:   f0 48 8b 4f 18 48 85 c9 74 0b f6 47 20 01 74 05
0x00007ffea539ae7f:   e8 fc ec eb ff 48 89 5f 18 48 63 4f 10 8d 41 01
0x00007ffea539ae8f:   89 47 10 48 8b 47 18 48 89 34 c8 48 8d 4c 24 38
0x00007ffea539ae9f:   48 63 46 18 45 03 64 85 00 e8 33 be 55 00 e9 ae
0x00007ffea539aeaf:   fe ff ff 48 8d 4c 24 38 48 89 77 28 44 89 67 30
0x00007ffea539aebf:   e8 4c b2 55 00 4c 8b ac 24 c0 00 00 00 49 83 7d
0x00007ffea539aecf:   00 00 74 18 48 8b 94 24 c8 00 00 00 49 8b ce e8
0x00007ffea539aedf:   bd f1 eb ff 49 8b cd e8 95 f1 eb ff 48 8b 84 24
0x00007ffea539aeef:   d8 00 00 00 49 89 46 18 48 8b 44 24 30 49 89 46
0x00007ffea539aeff:   20 48 8b c7 4d 89 6e 10 48 83 c4 78 41 5f 41 5e
0x00007ffea539af0f:   41 5d 41 5c 5f 5e 5d 5b c3 cc cc cc cc cc cc cc
0x00007ffea539af1f:   cc 48 8b 02 4c 8b d2 4c 8b 01 4c 8b d9 48 8b 40
0x00007ffea539af2f:   10 49 39 40 10 75 40 4c 63 41 10 44 3b 42 10 75
0x00007ffea539af3f:   36 45 85 c0 7e 25 48 8b 42 18 4d 8b c8 4c 8b 41
0x00007ffea539af4f:   18 33 d2 4c 2b c0 48 8b 08 49 39 0c 00 75 18 48
0x00007ffea539af5f:   ff c2 48 83 c0 08 49 3b d1 7c eb 49 8b 42 28 49
0x00007ffea539af6f:   39 43 28 0f 94 c0 c3 32 c0 c3 cc cc cc cc cc cc
0x00007ffea539af7f:   cc 48 89 5c 24 10 48 89 6c 24 18 48 89 74 24 20
0x00007ffea539af8f:   41 56 48 83 ec 20 8b 69 08 48 8b d9 44 8b 71 0c 


Stack slot to memory mapping:
stack at sp + 0 slots: 0x0000000000010388 is an unknown value
stack at sp + 1 slots: 0x000001a42f086e50 points into unknown readable memory: 0x00007ffea5afe208 | 08 e2 af a5 fe 7f 00 00
stack at sp + 2 slots: 0x0 is NULL
stack at sp + 3 slots: 0x000001a42f1eca18 points into unknown readable memory: 0x00007ffea5afe1d0 | d0 e1 af a5 fe 7f 00 00
stack at sp + 4 slots: 0x0000abcae2a9be00 is an unknown value
stack at sp + 5 slots: 0x0000000800843368 is pointing into metadata
stack at sp + 6 slots: 0x000001a42f0a4f98 points into unknown readable memory: 0x08138b82549d9d67 | 67 9d 9d 54 82 8b 13 08
stack at sp + 7 slots: 0x000000080058c8d8 is pointing into metadata


---------------  P R O C E S S  ---------------

Threads class SMR info:
_java_thread_list=0x000001a42f266ea0, length=17, elements={
0x000001a46d9ec770, 0x000001a47ca266c0, 0x000001a47ca2d3b0, 0x000001a47ca31400,
0x000001a47ca33e40, 0x000001a47ca34910, 0x000001a47ca353e0, 0x000001a47ca3b8a0,
0x000001a47ca3c3b0, 0x000001a47ca44d30, 0x000001a42f174520, 0x000001a42f1a5c50,
0x000001a42f1be6a0, 0x000001a42f298900, 0x000001a42f233270, 0x000001a42f2675f0,
0x000001a42f2aecc0
}

Java Threads: ( => current thread )
  0x000001a46d9ec770 JavaThread "main" [_thread_in_vm, id=8244, stack(0x0000000674200000,0x0000000674300000)]
  0x000001a47ca266c0 JavaThread "Reference Handler" daemon [_thread_blocked, id=30076, stack(0x0000000674900000,0x0000000674a00000)]
  0x000001a47ca2d3b0 JavaThread "Finalizer" daemon [_thread_blocked, id=10724, stack(0x0000000674a00000,0x0000000674b00000)]
  0x000001a47ca31400 JavaThread "Signal Dispatcher" daemon [_thread_blocked, id=31696, stack(0x0000000674b00000,0x0000000674c00000)]
  0x000001a47ca33e40 JavaThread "Attach Listener" daemon [_thread_blocked, id=34788, stack(0x0000000674c00000,0x0000000674d00000)]
  0x000001a47ca34910 JavaThread "Service Thread" daemon [_thread_blocked, id=34384, stack(0x0000000674d00000,0x0000000674e00000)]
  0x000001a47ca353e0 JavaThread "Monitor Deflation Thread" daemon [_thread_blocked, id=3980, stack(0x0000000674e00000,0x0000000674f00000)]
  0x000001a47ca3b8a0 JavaThread "C2 CompilerThread0" daemon [_thread_blocked, id=34008, stack(0x0000000674f00000,0x0000000675000000)]
  0x000001a47ca3c3b0 JavaThread "C1 CompilerThread0" daemon [_thread_blocked, id=28140, stack(0x0000000675000000,0x0000000675100000)]
  0x000001a47ca44d30 JavaThread "Sweeper thread" daemon [_thread_blocked, id=31192, stack(0x0000000675100000,0x0000000675200000)]
=>0x000001a42f174520 JavaThread "C1 CompilerThread1" daemon [_thread_in_vm, id=14740, stack(0x0000000675200000,0x0000000675300000)]
  0x000001a42f1a5c50 JavaThread "Notification Thread" daemon [_thread_blocked, id=25688, stack(0x0000000675300000,0x0000000675400000)]
  0x000001a42f1be6a0 JavaThread "Common-Cleaner" daemon [_thread_blocked, id=12312, stack(0x0000000675500000,0x0000000675600000)]
  0x000001a42f298900 JavaThread "C2 CompilerThread1" daemon [_thread_blocked, id=22904, stack(0x0000000675600000,0x0000000675700000)]
  0x000001a42f233270 JavaThread "C2 CompilerThread2" daemon [_thread_blocked, id=33936, stack(0x0000000675700000,0x0000000675800000)]
  0x000001a42f2675f0 JavaThread "C1 CompilerThread2" daemon [_thread_blocked, id=6996, stack(0x0000000675800000,0x0000000675900000)]
  0x000001a42f2aecc0 JavaThread "C1 CompilerThread3" daemon [_thread_blocked, id=33052, stack(0x0000000675900000,0x0000000675a00000)]

Other Threads:
  0x000001a46da0d5c0 VMThread "VM Thread" [stack: 0x0000000674800000,0x0000000674900000] [id=11760]
  0x000001a42f1bb600 WatcherThread "VM Periodic Task Thread" [stack: 0x0000000675400000,0x0000000675500000] [id=33352]
  0x000001a46da0e970 WorkerThread "GC Thread#0" [stack: 0x0000000674300000,0x0000000674400000] [id=1792]
  0x000001a46daaddf0 ConcurrentGCThread "G1 Main Marker" [stack: 0x0000000674400000,0x0000000674500000] [id=30776]
  0x000001a46da0e6a0 WorkerThread "G1 Conc#0" [stack: 0x0000000674500000,0x0000000674600000] [id=19236]
  0x000001a47c99b560 ConcurrentGCThread "G1 Refine#0" [stack: 0x0000000674600000,0x0000000674700000] [id=13108]
  0x000001a47c99cf50 ConcurrentGCThread "G1 Service" [stack: 0x0000000674700000,0x0000000674800000] [id=11308]

Threads with active compile tasks:
C1 CompilerThread0      119  465   !   3       java.lang.invoke.MemberName::getMethodType (211 bytes)
C1 CompilerThread1      119  225       3       java.util.concurrent.ConcurrentHashMap$Traverser::advance (188 bytes)

VM state: not at safepoint (normal execution)

VM Mutex/Monitor currently owned by a thread:  ([mutex/lock_event])
[0x000001a46d9e9000] SystemDictionary_lock - owner thread: 0x0000000000000000

Heap address: 0x00000001ab000000, size: 16368 MB, Compressed Oops mode: Zero based, Oop shift amount: 3

CDS archive(s) mapped at: [0x0000000800000000-0x0000000800c40000-0x0000000800c40000), size 12845056, SharedBaseAddress: 0x0000000800000000, ArchiveRelocationMode: 0.
Compressed class space mapped at: 0x0000000801000000-0x0000000841000000, reserved size: 1073741824
Narrow klass base: 0x0000000800000000, Narrow klass shift: 0, Narrow klass range: 0x100000000

GC Precious Log:
 CardTable entry size: 512
 Card Set container configuration: InlinePtr #cards 4 size 8 Array Of Cards #cards 64 size 144 Howl #buckets 8 coarsen threshold 14745 Howl Bitmap #cards 2048 size 272 coarsen threshold 1843 Card regions per heap region 1 cards per card region 16384
 CPUs: 24 total, 24 available
 Memory: 65461M
 Large Page Support: Disabled
 NUMA Support: Disabled
 Compressed Oops: Enabled (Zero based)
 Heap Region Size: 8M
 Heap Min Capacity: 8M
 Heap Initial Capacity: 1G
 Heap Max Capacity: 16368M
 Pre-touch: Disabled
 Parallel Workers: 18
 Concurrent Workers: 5
 Concurrent Refinement Workers: 18
 Periodic GC: Disabled

Heap:
 garbage-first heap   total 1048576K, used 8192K [0x00000001ab000000, 0x00000005aa000000)
  region size 8192K, 2 young (16384K), 0 survivors (0K)
 Metaspace       used 1090K, committed 1216K, reserved 1114112K
  class space    used 89K, committed 128K, reserved 1048576K

Heap Regions: E=young(eden), S=young(survivor), O=old, HS=humongous(starts), HC=humongous(continues), CS=collection set, F=free, OA=open archive, CA=closed archive, TAMS=top-at-mark-start (previous, next)
|   0|0x00000001ab000000, 0x00000001ab000000, 0x00000001ab800000|  0%| F|  |TAMS 0x00000001ab000000, 0x00000001ab000000| Untracked 
|   1|0x00000001ab800000, 0x00000001ab800000, 0x00000001ac000000|  0%| F|  |TAMS 0x00000001ab800000, 0x00000001ab800000| Untracked 
|   2|0x00000001ac000000, 0x00000001ac000000, 0x00000001ac800000|  0%| F|  |TAMS 0x00000001ac000000, 0x00000001ac000000| Untracked 
|   3|0x00000001ac800000, 0x00000001ac800000, 0x00000001ad000000|  0%| F|  |TAMS 0x00000001ac800000, 0x00000001ac800000| Untracked 
|   4|0x00000001ad000000, 0x00000001ad000000, 0x00000001ad800000|  0%| F|  |TAMS 0x00000001ad000000, 0x00000001ad000000| Untracked 
|   5|0x00000001ad800000, 0x00000001ad800000, 0x00000001ae000000|  0%| F|  |TAMS 0x00000001ad800000, 0x00000001ad800000| Untracked 
|   6|0x00000001ae000000, 0x00000001ae000000, 0x00000001ae800000|  0%| F|  |TAMS 0x00000001ae000000, 0x00000001ae000000| Untracked 
|   7|0x00000001ae800000, 0x00000001ae800000, 0x00000001af000000|  0%| F|  |TAMS 0x00000001ae800000, 0x00000001ae800000| Untracked 
|   8|0x00000001af000000, 0x00000001af000000, 0x00000001af800000|  0%| F|  |TAMS 0x00000001af000000, 0x00000001af000000| Untracked 
|   9|0x00000001af800000, 0x00000001af800000, 0x00000001b0000000|  0%| F|  |TAMS 0x00000001af800000, 0x00000001af800000| Untracked 
|  10|0x00000001b0000000, 0x00000001b0000000, 0x00000001b0800000|  0%| F|  |TAMS 0x00000001b0000000, 0x00000001b0000000| Untracked 
|  11|0x00000001b0800000, 0x00000001b0800000, 0x00000001b1000000|  0%| F|  |TAMS 0x00000001b0800000, 0x00000001b0800000| Untracked 
|  12|0x00000001b1000000, 0x00000001b1000000, 0x00000001b1800000|  0%| F|  |TAMS 0x00000001b1000000, 0x00000001b1000000| Untracked 
|  13|0x00000001b1800000, 0x00000001b1800000, 0x00000001b2000000|  0%| F|  |TAMS 0x00000001b1800000, 0x00000001b1800000| Untracked 
|  14|0x00000001b2000000, 0x00000001b2000000, 0x00000001b2800000|  0%| F|  |TAMS 0x00000001b2000000, 0x00000001b2000000| Untracked 
|  15|0x00000001b2800000, 0x00000001b2800000, 0x00000001b3000000|  0%| F|  |TAMS 0x00000001b2800000, 0x00000001b2800000| Untracked 
|  16|0x00000001b3000000, 0x00000001b3000000, 0x00000001b3800000|  0%| F|  |TAMS 0x00000001b3000000, 0x00000001b3000000| Untracked 
|  17|0x00000001b3800000, 0x00000001b3800000, 0x00000001b4000000|  0%| F|  |TAMS 0x00000001b3800000, 0x00000001b3800000| Untracked 
|  18|0x00000001b4000000, 0x00000001b4000000, 0x00000001b4800000|  0%| F|  |TAMS 0x00000001b4000000, 0x00000001b4000000| Untracked 
|  19|0x00000001b4800000, 0x00000001b4800000, 0x00000001b5000000|  0%| F|  |TAMS 0x00000001b4800000, 0x00000001b4800000| Untracked 
|  20|0x00000001b5000000, 0x00000001b5000000, 0x00000001b5800000|  0%| F|  |TAMS 0x00000001b5000000, 0x00000001b5000000| Untracked 
|  21|0x00000001b5800000, 0x00000001b5800000, 0x00000001b6000000|  0%| F|  |TAMS 0x00000001b5800000, 0x00000001b5800000| Untracked 
|  22|0x00000001b6000000, 0x00000001b6000000, 0x00000001b6800000|  0%| F|  |TAMS 0x00000001b6000000, 0x00000001b6000000| Untracked 
|  23|0x00000001b6800000, 0x00000001b6800000, 0x00000001b7000000|  0%| F|  |TAMS 0x00000001b6800000, 0x00000001b6800000| Untracked 
|  24|0x00000001b7000000, 0x00000001b7000000, 0x00000001b7800000|  0%| F|  |TAMS 0x00000001b7000000, 0x00000001b7000000| Untracked 
|  25|0x00000001b7800000, 0x00000001b7800000, 0x00000001b8000000|  0%| F|  |TAMS 0x00000001b7800000, 0x00000001b7800000| Untracked 
|  26|0x00000001b8000000, 0x00000001b8000000, 0x00000001b8800000|  0%| F|  |TAMS 0x00000001b8000000, 0x00000001b8000000| Untracked 
|  27|0x00000001b8800000, 0x00000001b8800000, 0x00000001b9000000|  0%| F|  |TAMS 0x00000001b8800000, 0x00000001b8800000| Untracked 
|  28|0x00000001b9000000, 0x00000001b9000000, 0x00000001b9800000|  0%| F|  |TAMS 0x00000001b9000000, 0x00000001b9000000| Untracked 
|  29|0x00000001b9800000, 0x00000001b9800000, 0x00000001ba000000|  0%| F|  |TAMS 0x00000001b9800000, 0x00000001b9800000| Untracked 
|  30|0x00000001ba000000, 0x00000001ba000000, 0x00000001ba800000|  0%| F|  |TAMS 0x00000001ba000000, 0x00000001ba000000| Untracked 
|  31|0x00000001ba800000, 0x00000001ba800000, 0x00000001bb000000|  0%| F|  |TAMS 0x00000001ba800000, 0x00000001ba800000| Untracked 
|  32|0x00000001bb000000, 0x00000001bb000000, 0x00000001bb800000|  0%| F|  |TAMS 0x00000001bb000000, 0x00000001bb000000| Untracked 
|  33|0x00000001bb800000, 0x00000001bb800000, 0x00000001bc000000|  0%| F|  |TAMS 0x00000001bb800000, 0x00000001bb800000| Untracked 
|  34|0x00000001bc000000, 0x00000001bc000000, 0x00000001bc800000|  0%| F|  |TAMS 0x00000001bc000000, 0x00000001bc000000| Untracked 
|  35|0x00000001bc800000, 0x00000001bc800000, 0x00000001bd000000|  0%| F|  |TAMS 0x00000001bc800000, 0x00000001bc800000| Untracked 
|  36|0x00000001bd000000, 0x00000001bd000000, 0x00000001bd800000|  0%| F|  |TAMS 0x00000001bd000000, 0x00000001bd000000| Untracked 
|  37|0x00000001bd800000, 0x00000001bd800000, 0x00000001be000000|  0%| F|  |TAMS 0x00000001bd800000, 0x00000001bd800000| Untracked 
|  38|0x00000001be000000, 0x00000001be000000, 0x00000001be800000|  0%| F|  |TAMS 0x00000001be000000, 0x00000001be000000| Untracked 
|  39|0x00000001be800000, 0x00000001be800000, 0x00000001bf000000|  0%| F|  |TAMS 0x00000001be800000, 0x00000001be800000| Untracked 
|  40|0x00000001bf000000, 0x00000001bf000000, 0x00000001bf800000|  0%| F|  |TAMS 0x00000001bf000000, 0x00000001bf000000| Untracked 
|  41|0x00000001bf800000, 0x00000001bf800000, 0x00000001c0000000|  0%| F|  |TAMS 0x00000001bf800000, 0x00000001bf800000| Untracked 
|  42|0x00000001c0000000, 0x00000001c0000000, 0x00000001c0800000|  0%| F|  |TAMS 0x00000001c0000000, 0x00000001c0000000| Untracked 
|  43|0x00000001c0800000, 0x00000001c0800000, 0x00000001c1000000|  0%| F|  |TAMS 0x00000001c0800000, 0x00000001c0800000| Untracked 
|  44|0x00000001c1000000, 0x00000001c1000000, 0x00000001c1800000|  0%| F|  |TAMS 0x00000001c1000000, 0x00000001c1000000| Untracked 
|  45|0x00000001c1800000, 0x00000001c1800000, 0x00000001c2000000|  0%| F|  |TAMS 0x00000001c1800000, 0x00000001c1800000| Untracked 
|  46|0x00000001c2000000, 0x00000001c2000000, 0x00000001c2800000|  0%| F|  |TAMS 0x00000001c2000000, 0x00000001c2000000| Untracked 
|  47|0x00000001c2800000, 0x00000001c2800000, 0x00000001c3000000|  0%| F|  |TAMS 0x00000001c2800000, 0x00000001c2800000| Untracked 
|  48|0x00000001c3000000, 0x00000001c3000000, 0x00000001c3800000|  0%| F|  |TAMS 0x00000001c3000000, 0x00000001c3000000| Untracked 
|  49|0x00000001c3800000, 0x00000001c3800000, 0x00000001c4000000|  0%| F|  |TAMS 0x00000001c3800000, 0x00000001c3800000| Untracked 
|  50|0x00000001c4000000, 0x00000001c4000000, 0x00000001c4800000|  0%| F|  |TAMS 0x00000001c4000000, 0x00000001c4000000| Untracked 
|  51|0x00000001c4800000, 0x00000001c4800000, 0x00000001c5000000|  0%| F|  |TAMS 0x00000001c4800000, 0x00000001c4800000| Untracked 
|  52|0x00000001c5000000, 0x00000001c5000000, 0x00000001c5800000|  0%| F|  |TAMS 0x00000001c5000000, 0x00000001c5000000| Untracked 
|  53|0x00000001c5800000, 0x00000001c5800000, 0x00000001c6000000|  0%| F|  |TAMS 0x00000001c5800000, 0x00000001c5800000| Untracked 
|  54|0x00000001c6000000, 0x00000001c6000000, 0x00000001c6800000|  0%| F|  |TAMS 0x00000001c6000000, 0x00000001c6000000| Untracked 
|  55|0x00000001c6800000, 0x00000001c6800000, 0x00000001c7000000|  0%| F|  |TAMS 0x00000001c6800000, 0x00000001c6800000| Untracked 
|  56|0x00000001c7000000, 0x00000001c7000000, 0x00000001c7800000|  0%| F|  |TAMS 0x00000001c7000000, 0x00000001c7000000| Untracked 
|  57|0x00000001c7800000, 0x00000001c7800000, 0x00000001c8000000|  0%| F|  |TAMS 0x00000001c7800000, 0x00000001c7800000| Untracked 
|  58|0x00000001c8000000, 0x00000001c8000000, 0x00000001c8800000|  0%| F|  |TAMS 0x00000001c8000000, 0x00000001c8000000| Untracked 
|  59|0x00000001c8800000, 0x00000001c8800000, 0x00000001c9000000|  0%| F|  |TAMS 0x00000001c8800000, 0x00000001c8800000| Untracked 
|  60|0x00000001c9000000, 0x00000001c9000000, 0x00000001c9800000|  0%| F|  |TAMS 0x00000001c9000000, 0x00000001c9000000| Untracked 
|  61|0x00000001c9800000, 0x00000001c9800000, 0x00000001ca000000|  0%| F|  |TAMS 0x00000001c9800000, 0x00000001c9800000| Untracked 
|  62|0x00000001ca000000, 0x00000001ca000000, 0x00000001ca800000|  0%| F|  |TAMS 0x00000001ca000000, 0x00000001ca000000| Untracked 
|  63|0x00000001ca800000, 0x00000001ca800000, 0x00000001cb000000|  0%| F|  |TAMS 0x00000001ca800000, 0x00000001ca800000| Untracked 
|  64|0x00000001cb000000, 0x00000001cb000000, 0x00000001cb800000|  0%| F|  |TAMS 0x00000001cb000000, 0x00000001cb000000| Untracked 
|  65|0x00000001cb800000, 0x00000001cb800000, 0x00000001cc000000|  0%| F|  |TAMS 0x00000001cb800000, 0x00000001cb800000| Untracked 
|  66|0x00000001cc000000, 0x00000001cc000000, 0x00000001cc800000|  0%| F|  |TAMS 0x00000001cc000000, 0x00000001cc000000| Untracked 
|  67|0x00000001cc800000, 0x00000001cc800000, 0x00000001cd000000|  0%| F|  |TAMS 0x00000001cc800000, 0x00000001cc800000| Untracked 
|  68|0x00000001cd000000, 0x00000001cd000000, 0x00000001cd800000|  0%| F|  |TAMS 0x00000001cd000000, 0x00000001cd000000| Untracked 
|  69|0x00000001cd800000, 0x00000001cd800000, 0x00000001ce000000|  0%| F|  |TAMS 0x00000001cd800000, 0x00000001cd800000| Untracked 
|  70|0x00000001ce000000, 0x00000001ce000000, 0x00000001ce800000|  0%| F|  |TAMS 0x00000001ce000000, 0x00000001ce000000| Untracked 
|  71|0x00000001ce800000, 0x00000001ce800000, 0x00000001cf000000|  0%| F|  |TAMS 0x00000001ce800000, 0x00000001ce800000| Untracked 
|  72|0x00000001cf000000, 0x00000001cf000000, 0x00000001cf800000|  0%| F|  |TAMS 0x00000001cf000000, 0x00000001cf000000| Untracked 
|  73|0x00000001cf800000, 0x00000001cf800000, 0x00000001d0000000|  0%| F|  |TAMS 0x00000001cf800000, 0x00000001cf800000| Untracked 
|  74|0x00000001d0000000, 0x00000001d0000000, 0x00000001d0800000|  0%| F|  |TAMS 0x00000001d0000000, 0x00000001d0000000| Untracked 
|  75|0x00000001d0800000, 0x00000001d0800000, 0x00000001d1000000|  0%| F|  |TAMS 0x00000001d0800000, 0x00000001d0800000| Untracked 
|  76|0x00000001d1000000, 0x00000001d1000000, 0x00000001d1800000|  0%| F|  |TAMS 0x00000001d1000000, 0x00000001d1000000| Untracked 
|  77|0x00000001d1800000, 0x00000001d1800000, 0x00000001d2000000|  0%| F|  |TAMS 0x00000001d1800000, 0x00000001d1800000| Untracked 
|  78|0x00000001d2000000, 0x00000001d2000000, 0x00000001d2800000|  0%| F|  |TAMS 0x00000001d2000000, 0x00000001d2000000| Untracked 
|  79|0x00000001d2800000, 0x00000001d2800000, 0x00000001d3000000|  0%| F|  |TAMS 0x00000001d2800000, 0x00000001d2800000| Untracked 
|  80|0x00000001d3000000, 0x00000001d3000000, 0x00000001d3800000|  0%| F|  |TAMS 0x00000001d3000000, 0x00000001d3000000| Untracked 
|  81|0x00000001d3800000, 0x00000001d3800000, 0x00000001d4000000|  0%| F|  |TAMS 0x00000001d3800000, 0x00000001d3800000| Untracked 
|  82|0x00000001d4000000, 0x00000001d4000000, 0x00000001d4800000|  0%| F|  |TAMS 0x00000001d4000000, 0x00000001d4000000| Untracked 
|  83|0x00000001d4800000, 0x00000001d4800000, 0x00000001d5000000|  0%| F|  |TAMS 0x00000001d4800000, 0x00000001d4800000| Untracked 
|  84|0x00000001d5000000, 0x00000001d5000000, 0x00000001d5800000|  0%| F|  |TAMS 0x00000001d5000000, 0x00000001d5000000| Untracked 
|  85|0x00000001d5800000, 0x00000001d5800000, 0x00000001d6000000|  0%| F|  |TAMS 0x00000001d5800000, 0x00000001d5800000| Untracked 
|  86|0x00000001d6000000, 0x00000001d6000000, 0x00000001d6800000|  0%| F|  |TAMS 0x00000001d6000000, 0x00000001d6000000| Untracked 
|  87|0x00000001d6800000, 0x00000001d6800000, 0x00000001d7000000|  0%| F|  |TAMS 0x00000001d6800000, 0x00000001d6800000| Untracked 
|  88|0x00000001d7000000, 0x00000001d7000000, 0x00000001d7800000|  0%| F|  |TAMS 0x00000001d7000000, 0x00000001d7000000| Untracked 
|  89|0x00000001d7800000, 0x00000001d7800000, 0x00000001d8000000|  0%| F|  |TAMS 0x00000001d7800000, 0x00000001d7800000| Untracked 
|  90|0x00000001d8000000, 0x00000001d8000000, 0x00000001d8800000|  0%| F|  |TAMS 0x00000001d8000000, 0x00000001d8000000| Untracked 
|  91|0x00000001d8800000, 0x00000001d8800000, 0x00000001d9000000|  0%| F|  |TAMS 0x00000001d8800000, 0x00000001d8800000| Untracked 
|  92|0x00000001d9000000, 0x00000001d9000000, 0x00000001d9800000|  0%| F|  |TAMS 0x00000001d9000000, 0x00000001d9000000| Untracked 
|  93|0x00000001d9800000, 0x00000001d9800000, 0x00000001da000000|  0%| F|  |TAMS 0x00000001d9800000, 0x00000001d9800000| Untracked 
|  94|0x00000001da000000, 0x00000001da000000, 0x00000001da800000|  0%| F|  |TAMS 0x00000001da000000, 0x00000001da000000| Untracked 
|  95|0x00000001da800000, 0x00000001da800000, 0x00000001db000000|  0%| F|  |TAMS 0x00000001da800000, 0x00000001da800000| Untracked 
|  96|0x00000001db000000, 0x00000001db000000, 0x00000001db800000|  0%| F|  |TAMS 0x00000001db000000, 0x00000001db000000| Untracked 
|  97|0x00000001db800000, 0x00000001db800000, 0x00000001dc000000|  0%| F|  |TAMS 0x00000001db800000, 0x00000001db800000| Untracked 
|  98|0x00000001dc000000, 0x00000001dc000000, 0x00000001dc800000|  0%| F|  |TAMS 0x00000001dc000000, 0x00000001dc000000| Untracked 
|  99|0x00000001dc800000, 0x00000001dc800000, 0x00000001dd000000|  0%| F|  |TAMS 0x00000001dc800000, 0x00000001dc800000| Untracked 
| 100|0x00000001dd000000, 0x00000001dd000000, 0x00000001dd800000|  0%| F|  |TAMS 0x00000001dd000000, 0x00000001dd000000| Untracked 
| 101|0x00000001dd800000, 0x00000001dd800000, 0x00000001de000000|  0%| F|  |TAMS 0x00000001dd800000, 0x00000001dd800000| Untracked 
| 102|0x00000001de000000, 0x00000001de000000, 0x00000001de800000|  0%| F|  |TAMS 0x00000001de000000, 0x00000001de000000| Untracked 
| 103|0x00000001de800000, 0x00000001de800000, 0x00000001df000000|  0%| F|  |TAMS 0x00000001de800000, 0x00000001de800000| Untracked 
| 104|0x00000001df000000, 0x00000001df000000, 0x00000001df800000|  0%| F|  |TAMS 0x00000001df000000, 0x00000001df000000| Untracked 
| 105|0x00000001df800000, 0x00000001df800000, 0x00000001e0000000|  0%| F|  |TAMS 0x00000001df800000, 0x00000001df800000| Untracked 
| 106|0x00000001e0000000, 0x00000001e0000000, 0x00000001e0800000|  0%| F|  |TAMS 0x00000001e0000000, 0x00000001e0000000| Untracked 
| 107|0x00000001e0800000, 0x00000001e0800000, 0x00000001e1000000|  0%| F|  |TAMS 0x00000001e0800000, 0x00000001e0800000| Untracked 
| 108|0x00000001e1000000, 0x00000001e1000000, 0x00000001e1800000|  0%| F|  |TAMS 0x00000001e1000000, 0x00000001e1000000| Untracked 
| 109|0x00000001e1800000, 0x00000001e1800000, 0x00000001e2000000|  0%| F|  |TAMS 0x00000001e1800000, 0x00000001e1800000| Untracked 
| 110|0x00000001e2000000, 0x00000001e2000000, 0x00000001e2800000|  0%| F|  |TAMS 0x00000001e2000000, 0x00000001e2000000| Untracked 
| 111|0x00000001e2800000, 0x00000001e2800000, 0x00000001e3000000|  0%| F|  |TAMS 0x00000001e2800000, 0x00000001e2800000| Untracked 
| 112|0x00000001e3000000, 0x00000001e3000000, 0x00000001e3800000|  0%| F|  |TAMS 0x00000001e3000000, 0x00000001e3000000| Untracked 
| 113|0x00000001e3800000, 0x00000001e3800000, 0x00000001e4000000|  0%| F|  |TAMS 0x00000001e3800000, 0x00000001e3800000| Untracked 
| 114|0x00000001e4000000, 0x00000001e4000000, 0x00000001e4800000|  0%| F|  |TAMS 0x00000001e4000000, 0x00000001e4000000| Untracked 
| 115|0x00000001e4800000, 0x00000001e4800000, 0x00000001e5000000|  0%| F|  |TAMS 0x00000001e4800000, 0x00000001e4800000| Untracked 
| 116|0x00000001e5000000, 0x00000001e5000000, 0x00000001e5800000|  0%| F|  |TAMS 0x00000001e5000000, 0x00000001e5000000| Untracked 
| 117|0x00000001e5800000, 0x00000001e5800000, 0x00000001e6000000|  0%| F|  |TAMS 0x00000001e5800000, 0x00000001e5800000| Untracked 
| 118|0x00000001e6000000, 0x00000001e6000000, 0x00000001e6800000|  0%| F|  |TAMS 0x00000001e6000000, 0x00000001e6000000| Untracked 
| 119|0x00000001e6800000, 0x00000001e6800000, 0x00000001e7000000|  0%| F|  |TAMS 0x00000001e6800000, 0x00000001e6800000| Untracked 
| 120|0x00000001e7000000, 0x00000001e7000000, 0x00000001e7800000|  0%| F|  |TAMS 0x00000001e7000000, 0x00000001e7000000| Untracked 
| 121|0x00000001e7800000, 0x00000001e7800000, 0x00000001e8000000|  0%| F|  |TAMS 0x00000001e7800000, 0x00000001e7800000| Untracked 
| 122|0x00000001e8000000, 0x00000001e8000000, 0x00000001e8800000|  0%| F|  |TAMS 0x00000001e8000000, 0x00000001e8000000| Untracked 
| 123|0x00000001e8800000, 0x00000001e8800000, 0x00000001e9000000|  0%| F|  |TAMS 0x00000001e8800000, 0x00000001e8800000| Untracked 
| 124|0x00000001e9000000, 0x00000001e9000000, 0x00000001e9800000|  0%| F|  |TAMS 0x00000001e9000000, 0x00000001e9000000| Untracked 
| 125|0x00000001e9800000, 0x00000001e9800000, 0x00000001ea000000|  0%| F|  |TAMS 0x00000001e9800000, 0x00000001e9800000| Untracked 
| 126|0x00000001ea000000, 0x00000001ea2e1cc0, 0x00000001ea800000| 36%| E|  |TAMS 0x00000001ea000000, 0x00000001ea000000| Complete 
| 127|0x00000001ea800000, 0x00000001eb000000, 0x00000001eb000000|100%| E|CS|TAMS 0x00000001ea800000, 0x00000001ea800000| Complete 

Card table byte_map: [0x000001a478740000,0x000001a47a740000] _byte_map_base: 0x000001a4779e8000

Marking Bits (Prev, Next): (CMBitMap*) 0x000001a46daa4990, (CMBitMap*) 0x000001a46daa49d0
 Prev Bits: [0x000001a40f000000, 0x000001a41efc0000)
 Next Bits: [0x000001a41efc0000, 0x000001a42ef80000)

Polling page: 0x000001a46d160000

Metaspace:

Usage:
  Non-class:   1008.73 KB used.
      Class:     92.34 KB used.
       Both:      1.08 MB used.

Virtual space:
  Non-class space:       64.00 MB reserved,       1.12 MB (  2%) committed,  1 nodes.
      Class space:        1.00 GB reserved,     128.00 KB ( <1%) committed,  1 nodes.
             Both:        1.06 GB reserved,       1.25 MB ( <1%) committed. 

Chunk freelists:
   Non-Class:  3.75 MB
       Class:  3.70 MB
        Both:  7.45 MB

MaxMetaspaceSize: unlimited
CompressedClassSpaceSize: 1.00 GB
Initial GC threshold: 21.00 MB
Current GC threshold: 21.00 MB
CDS: on
MetaspaceReclaimPolicy: balanced
 - commit_granule_bytes: 65536.
 - commit_granule_words: 8192.
 - virtual_space_node_default_size: 8388608.
 - enlarge_chunks_in_place: 1.
 - new_chunks_are_fully_committed: 0.
 - uncommit_free_chunks: 1.
 - use_allocation_guard: 0.


Internal statistics:

num_allocs_failed_limit: 0.
num_arena_births: 16.
num_arena_deaths: 0.
num_vsnodes_births: 2.
num_vsnodes_deaths: 0.
num_space_committed: 20.
num_space_uncommitted: 0.
num_chunks_returned_to_freelist: 0.
num_chunks_taken_from_freelist: 38.
num_chunk_merges: 0.
num_chunk_splits: 20.
num_chunks_enlarged: 12.
num_inconsistent_stats: 0.

CodeHeap 'non-profiled nmethods': size=119168Kb used=120Kb max_used=120Kb free=119047Kb
 bounds [0x000001a407ba0000, 0x000001a407e10000, 0x000001a40f000000]
CodeHeap 'profiled nmethods': size=119104Kb used=729Kb max_used=729Kb free=118375Kb
 bounds [0x000001a400000000, 0x000001a400270000, 0x000001a407450000]
CodeHeap 'non-nmethods': size=7488Kb used=2901Kb max_used=2909Kb free=4586Kb
 bounds [0x000001a407450000, 0x000001a407730000, 0x000001a407ba0000]
 total_blobs=885 nmethods=472 adapters=321
 compilation: enabled
              stopped_count=0, restarted_count=0
 full_count=0

Compilation events (20 events):
Event: 0.076 Thread 0x000001a47ca3c3b0 nmethod 215 0x000001a400041790 code [0x000001a400041940, 0x000001a400041b98]
Event: 0.076 Thread 0x000001a47ca3c3b0  222       3       java.lang.ProcessEnvironment$NameComparator::compare (90 bytes)
Event: 0.076 Thread 0x000001a42f174520 nmethod 214 0x000001a400041c90 code [0x000001a400041e40, 0x000001a4000420d8]
Event: 0.076 Thread 0x000001a42f174520  216       3       java.lang.Character::toUpperCase (9 bytes)
Event: 0.076 Thread 0x000001a42f174520 nmethod 216 0x000001a400042210 code [0x000001a4000423c0, 0x000001a4000425b8]
Event: 0.076 Thread 0x000001a42f174520  217       3       java.util.TreeMap::parentOf (13 bytes)
Event: 0.076 Thread 0x000001a42f174520 nmethod 217 0x000001a400042690 code [0x000001a400042840, 0x000001a4000429b8]
Event: 0.076 Thread 0x000001a42f174520  221       3       java.lang.ProcessEnvironment$NameComparator::compare (13 bytes)
Event: 0.076 Thread 0x000001a42f298900 nmethod 220 0x000001a407baf390 code [0x000001a407baf520, 0x000001a407baf5b8]
Event: 0.076 Thread 0x000001a42f174520 nmethod 221 0x000001a400042a90 code [0x000001a400042c40, 0x000001a400042f68]
Event: 0.076 Thread 0x000001a42f174520  218       1       java.util.HashMap$Node::getKey (5 bytes)
Event: 0.076 Thread 0x000001a42f174520 nmethod 218 0x000001a407baf690 code [0x000001a407baf820, 0x000001a407baf8f8]
Event: 0.076 Thread 0x000001a42f174520  223       3       java.util.HashMap$HashIterator::hasNext (13 bytes)
Event: 0.076 Thread 0x000001a42f174520 nmethod 223 0x000001a400043090 code [0x000001a400043220, 0x000001a400043398]
Event: 0.076 Thread 0x000001a42f174520  224       3       java.util.HashMap$HashIterator::nextNode (100 bytes)
Event: 0.077 Thread 0x000001a42f174520 nmethod 224 0x000001a400043410 code [0x000001a400043600, 0x000001a400043b58]
Event: 0.077 Thread 0x000001a42f174520  225       3       java.util.concurrent.ConcurrentHashMap$Traverser::advance (188 bytes)
Event: 0.077 Thread 0x000001a47ca3c3b0 nmethod 222 0x000001a400043d10 code [0x000001a400044020, 0x000001a4000452b8]
Event: 0.077 Thread 0x000001a47ca3c3b0  219       1       java.util.HashMap$Node::getValue (5 bytes)
Event: 0.077 Thread 0x000001a47ca3c3b0 nmethod 219 0x000001a407baf990 code [0x000001a407bafb20, 0x000001a407bafbf8]

GC Heap History (0 events):
No events

Dll operation events (6 events):
Event: 0.006 Loaded shared library C:\Program Files\Java\jdk-19\bin\java.dll
Event: 0.015 Loaded shared library C:\Program Files\Java\jdk-19\bin\jsvml.dll
Event: 0.040 Loaded shared library C:\Program Files\Java\jdk-19\bin\net.dll
Event: 0.041 Loaded shared library C:\Program Files\Java\jdk-19\bin\nio.dll
Event: 0.047 Loaded shared library C:\Program Files\Java\jdk-19\bin\zip.dll
Event: 0.061 Loaded shared library C:\Program Files\Java\jdk-19\bin\jimage.dll

Deoptimization events (4 events):
Event: 0.064 Thread 0x000001a46d9ec770 Uncommon trap: trap_request=0xffffff45 fr.pc=0x000001a407ba52e4 relative=0x0000000000000724
Event: 0.064 Thread 0x000001a46d9ec770 Uncommon trap: reason=unstable_if action=reinterpret pc=0x000001a407ba52e4 method=java.util.zip.ZipFile$Source.checkAndAddEntry(II)I @ 50 c2
Event: 0.064 Thread 0x000001a46d9ec770 DEOPT PACKING pc=0x000001a407ba52e4 sp=0x00000006742fc660
Event: 0.064 Thread 0x000001a46d9ec770 DEOPT UNPACKING pc=0x000001a4074b6da3 sp=0x00000006742fc5d0 mode 2

Classes loaded (20 events):
Event: 0.074 Loading class java/lang/invoke/DirectMethodHandle$Special
Event: 0.074 Loading class java/lang/invoke/DirectMethodHandle$Special done
Event: 0.075 Loading class java/lang/ProcessEnvironment
Event: 0.075 Loading class java/lang/ProcessEnvironment done
Event: 0.075 Loading class java/lang/ProcessEnvironment$NameComparator
Event: 0.075 Loading class java/lang/ProcessEnvironment$NameComparator done
Event: 0.075 Loading class java/lang/ProcessEnvironment$EntryComparator
Event: 0.075 Loading class java/lang/ProcessEnvironment$EntryComparator done
Event: 0.075 Loading class java/lang/ProcessEnvironment$CheckedEntrySet
Event: 0.075 Loading class java/lang/ProcessEnvironment$CheckedEntrySet done
Event: 0.075 Loading class java/lang/ProcessEnvironment$CheckedEntrySet$1
Event: 0.075 Loading class java/lang/ProcessEnvironment$CheckedEntrySet$1 done
Event: 0.076 Loading class java/lang/ProcessEnvironment$CheckedEntry
Event: 0.076 Loading class java/lang/ProcessEnvironment$CheckedEntry done
Event: 0.076 Loading class java/util/Collections$UnmodifiableMap$UnmodifiableEntrySet
Event: 0.076 Loading class java/util/Collections$UnmodifiableMap$UnmodifiableEntrySet done
Event: 0.076 Loading class java/util/Collections$UnmodifiableMap$UnmodifiableEntrySet$1
Event: 0.076 Loading class java/util/Collections$UnmodifiableMap$UnmodifiableEntrySet$1 done
Event: 0.076 Loading class java/util/Collections$UnmodifiableMap$UnmodifiableEntrySet$UnmodifiableEntry
Event: 0.076 Loading class java/util/Collections$UnmodifiableMap$UnmodifiableEntrySet$UnmodifiableEntry done

Classes unloaded (0 events):
No events

Classes redefined (0 events):
No events

Internal exceptions (3 events):
Event: 0.052 Thread 0x000001a46d9ec770 Exception <a 'java/lang/NoSuchMethodError'{0x00000001ea8cc6c0}: 'java.lang.Object java.lang.invoke.DirectMethodHandle$Holder.invokeStaticInit(java.lang.Object)'> (0x00000001ea8cc6c0) 
thrown [s\open\src\hotspot\share\interpreter\linkResolver.cpp, line 774]
Event: 0.068 Thread 0x000001a46d9ec770 Exception <a 'java/lang/NoSuchMethodError'{0x00000001eaee5d48}: 'void java.lang.invoke.DirectMethodHandle$Holder.invokeStatic(java.lang.Object, java.lang.Object, java.lang.Object)'> (0x00000001eaee5d48) 
thrown [s\open\src\hotspot\share\interpreter\linkResolver.cpp, line 774]
Event: 0.074 Thread 0x000001a46d9ec770 Exception <a 'java/lang/NoSuchMethodError'{0x00000001eaf05c40}: 'void java.lang.invoke.DirectMethodHandle$Holder.invokeSpecial(java.lang.Object, java.lang.Object, java.lang.Object, java.lang.Object, java.lang.Object)'> (0x00000001eaf05c40) 
thrown [s\open\src\hotspot\share\interpreter\linkResolver.cpp, line 774]

VM Operations (2 events):
Event: 0.048 Executing VM operation: HandshakeAllThreads
Event: 0.048 Executing VM operation: HandshakeAllThreads done

Events (15 events):
Event: 0.015 Thread 0x000001a46d9ec770 Thread added: 0x000001a46d9ec770
Event: 0.023 Thread 0x000001a47ca266c0 Thread added: 0x000001a47ca266c0
Event: 0.023 Thread 0x000001a47ca2d3b0 Thread added: 0x000001a47ca2d3b0
Event: 0.023 Thread 0x000001a47ca31400 Thread added: 0x000001a47ca31400
Event: 0.024 Thread 0x000001a47ca33e40 Thread added: 0x000001a47ca33e40
Event: 0.024 Thread 0x000001a47ca34910 Thread added: 0x000001a47ca34910
Event: 0.024 Thread 0x000001a47ca353e0 Thread added: 0x000001a47ca353e0
Event: 0.024 Thread 0x000001a47ca3b8a0 Thread added: 0x000001a47ca3b8a0
Event: 0.024 Thread 0x000001a47ca3c3b0 Thread added: 0x000001a47ca3c3b0
Event: 0.024 Thread 0x000001a47ca44d30 Thread added: 0x000001a47ca44d30
Event: 0.034 Thread 0x000001a42f174520 Thread added: 0x000001a42f174520
Event: 0.036 Thread 0x000001a42f1a5c50 Thread added: 0x000001a42f1a5c50
Event: 0.038 Thread 0x000001a42f1be6a0 Thread added: 0x000001a42f1be6a0
Event: 0.065 Thread 0x000001a42f298900 Thread added: 0x000001a42f298900
Event: 0.065 Thread 0x000001a42f233270 Thread added: 0x000001a42f233270


Dynamic libraries:
0x00007ff7958b0000 - 0x00007ff7958c0000 	C:\Program Files\Java\jdk-19\bin\java.exe
0x00007fff8be20000 - 0x00007fff8c083000 	C:\WINDOWS\SYSTEM32\ntdll.dll
0x00007fff8a600000 - 0x00007fff8a6c7000 	C:\WINDOWS\System32\KERNEL32.DLL
0x00007fff891c0000 - 0x00007fff89587000 	C:\WINDOWS\System32\KERNELBASE.dll
0x00007fff89900000 - 0x00007fff89a4c000 	C:\WINDOWS\System32\ucrtbase.dll
0x00007fff65a70000 - 0x00007fff65a88000 	C:\Program Files\Java\jdk-19\bin\jli.dll
0x00007fff65910000 - 0x00007fff6592b000 	C:\Program Files\Java\jdk-19\bin\VCRUNTIME140.dll
0x00007fff8aed0000 - 0x00007fff8af84000 	C:\WINDOWS\System32\ADVAPI32.dll
0x00007fff8a550000 - 0x00007fff8a5f9000 	C:\WINDOWS\System32\msvcrt.dll
0x00007fff8a820000 - 0x00007fff8a8c6000 	C:\WINDOWS\System32\sechost.dll
0x00007fff8a390000 - 0x00007fff8a4a6000 	C:\WINDOWS\System32\RPCRT4.dll
0x00007fff8b3e0000 - 0x00007fff8b5a9000 	C:\WINDOWS\System32\USER32.dll
0x00007fff89c30000 - 0x00007fff89c57000 	C:\WINDOWS\System32\win32u.dll
0x00007fff6c760000 - 0x00007fff6c9f0000 	C:\WINDOWS\WinSxS\amd64_microsoft.windows.common-controls_6595b64144ccf1df_6.0.26100.3037_none_3e09262ce333c378\COMCTL32.dll
0x00007fff8afa0000 - 0x00007fff8afca000 	C:\WINDOWS\System32\GDI32.dll
0x00007fff89710000 - 0x00007fff8983b000 	C:\WINDOWS\System32\gdi32full.dll
0x00007fff89af0000 - 0x00007fff89b93000 	C:\WINDOWS\System32\msvcp_win.dll
0x00007fff826e0000 - 0x00007fff826eb000 	C:\WINDOWS\SYSTEM32\VERSION.dll
0x00007fff8a6d0000 - 0x00007fff8a6ff000 	C:\WINDOWS\System32\IMM32.DLL
0x00007fff65a10000 - 0x00007fff65a1c000 	C:\Program Files\Java\jdk-19\bin\vcruntime140_1.dll
0x00007ffecfa40000 - 0x00007ffecface000 	C:\Program Files\Java\jdk-19\bin\msvcp140.dll
0x00007ffea5190000 - 0x00007ffea5e50000 	C:\Program Files\Java\jdk-19\bin\server\jvm.dll
0x00007fff7ca30000 - 0x00007fff7ca66000 	C:\WINDOWS\SYSTEM32\WINMM.dll
0x00007fff71670000 - 0x00007fff7167a000 	C:\WINDOWS\SYSTEM32\WSOCK32.dll
0x00007fff8b360000 - 0x00007fff8b3d4000 	C:\WINDOWS\System32\WS2_32.dll
0x00007fff88100000 - 0x00007fff8811a000 	C:\WINDOWS\SYSTEM32\kernel.appcore.dll
0x00007fff65890000 - 0x00007fff6589a000 	C:\Program Files\Java\jdk-19\bin\jimage.dll
0x00007fff86400000 - 0x00007fff86641000 	C:\WINDOWS\SYSTEM32\DBGHELP.DLL
0x00007fff8afd0000 - 0x00007fff8b34e000 	C:\WINDOWS\System32\combase.dll
0x00007fff8b5b0000 - 0x00007fff8b686000 	C:\WINDOWS\System32\OLEAUT32.dll
0x00007fff5c8b0000 - 0x00007fff5c8e9000 	C:\WINDOWS\SYSTEM32\dbgcore.DLL
0x00007fff89a50000 - 0x00007fff89ae9000 	C:\WINDOWS\System32\bcryptPrimitives.dll
0x00007ffee9260000 - 0x00007ffee9286000 	C:\Program Files\Java\jdk-19\bin\java.dll
0x00007ffecee80000 - 0x00007ffecef57000 	C:\Program Files\Java\jdk-19\bin\jsvml.dll
0x00007fff8b690000 - 0x00007fff8bd94000 	C:\WINDOWS\System32\SHELL32.dll
0x00007fff86f00000 - 0x00007fff87737000 	C:\WINDOWS\SYSTEM32\windows.storage.dll
0x00007fff89e30000 - 0x00007fff89f19000 	C:\WINDOWS\System32\SHCORE.dll
0x00007fff8a330000 - 0x00007fff8a38d000 	C:\WINDOWS\System32\shlwapi.dll
0x00007fff890d0000 - 0x00007fff890fe000 	C:\WINDOWS\SYSTEM32\profapi.dll
0x00007fff55af0000 - 0x00007fff55b03000 	C:\Program Files\Java\jdk-19\bin\net.dll
0x00007fff7dbc0000 - 0x00007fff7dcde000 	C:\WINDOWS\SYSTEM32\WINHTTP.dll
0x00007fff88610000 - 0x00007fff8867a000 	C:\WINDOWS\system32\mswsock.dll
0x00007fff50a40000 - 0x00007fff50a56000 	C:\Program Files\Java\jdk-19\bin\nio.dll
0x00007fff1f470000 - 0x00007fff1f488000 	C:\Program Files\Java\jdk-19\bin\zip.dll

dbghelp: loaded successfully - version: 4.0.5 - missing functions: none
symbol engine: initialized successfully - sym options: 0x614 - pdb path: .;C:\Program Files\Java\jdk-19\bin;C:\WINDOWS\SYSTEM32;C:\WINDOWS\WinSxS\amd64_microsoft.windows.common-controls_6595b64144ccf1df_6.0.26100.3037_none_3e09262ce333c378;C:\Program Files\Java\jdk-19\bin\server

VM Arguments:
jvm_args: -Dfile.encoding=UTF-8 -Ddb2.jcc.charsetDecoderEncoder=3 
java_command: com.ibm.db2.server.DssLauncher 3000 off c:\Users\adsti\AppData\Roaming\Code\logs\20250301T210210\window1\exthost\IBM.db2forzosdeveloperextension -Xmx256M
java_class_path (initial): c:\Users\adsti\.vscode\extensions\ibm.db2forzosdeveloperextension-2.2.0\dist\dss-dist-2.2.0.jar;;c:\Users\adsti\.vscode\extensions\ibm.db2forzosdeveloperextension-2.2.0\lib\db2jcc4.jar;c:\Users\adsti\.vscode\extensions\ibm.db2forzosdeveloperextension-2.2.0\lib\sqlj4.zip
Launcher Type: SUN_STANDARD

[Global flags]
     intx CICompilerCount                          = 12                                        {product} {ergonomic}
     uint ConcGCThreads                            = 5                                         {product} {ergonomic}
     uint G1ConcRefinementThreads                  = 18                                        {product} {ergonomic}
   size_t G1HeapRegionSize                         = 8388608                                   {product} {ergonomic}
    uintx GCDrainStackTargetSize                   = 64                                        {product} {ergonomic}
   size_t InitialHeapSize                          = 1073741824                                {product} {ergonomic}
   size_t MarkStackSize                            = 4194304                                   {product} {ergonomic}
   size_t MaxHeapSize                              = 17163091968                               {product} {ergonomic}
   size_t MaxNewSize                               = 10292822016                               {product} {ergonomic}
   size_t MinHeapDeltaBytes                        = 8388608                                   {product} {ergonomic}
   size_t MinHeapSize                              = 8388608                                   {product} {ergonomic}
    uintx NonNMethodCodeHeapSize                   = 7602480                                {pd product} {ergonomic}
    uintx NonProfiledCodeHeapSize                  = 122027880                              {pd product} {ergonomic}
    uintx ProfiledCodeHeapSize                     = 122027880                              {pd product} {ergonomic}
    uintx ReservedCodeCacheSize                    = 251658240                              {pd product} {ergonomic}
     bool SegmentedCodeCache                       = true                                      {product} {ergonomic}
   size_t SoftMaxHeapSize                          = 17163091968                            {manageable} {ergonomic}
     bool UseCompressedClassPointers               = true                           {product lp64_product} {ergonomic}
     bool UseCompressedOops                        = true                           {product lp64_product} {ergonomic}
     bool UseG1GC                                  = true                                      {product} {ergonomic}
     bool UseLargePagesIndividualAllocation        = false                                  {pd product} {ergonomic}

Logging:
Log output configuration:
 #0: stdout all=warning uptime,level,tags foldmultilines=false
 #1: stderr all=off uptime,level,tags foldmultilines=false

Environment Variables:
PATH=C:\Program Files\Oculus\Support\oculus-runtime;C:\Program Files\Common Files\Oracle\Java\javapath;C:\WINDOWS\system32;C:\WINDOWS;C:\WINDOWS\System32\Wbem;C:\WINDOWS\System32\WindowsPowerShell\v1.0\;C:\WINDOWS\System32\OpenSSH\;C:\Program Files (x86)\NVIDIA Corporation\PhysX\Common;C:\Program Files\Microsoft VS Code\bin;C:\Program Files\dotnet\;C:\Program Files\Git\cmd;C:\Program Files\NVIDIA Corporation\NVIDIA app\NvDLISR;C:\WINDOWS\system32;C:\WINDOWS;C:\WINDOWS\System32\Wbem;C:\WINDOWS\System32\WindowsPowerShell\v1.0\;C:\WINDOWS\System32\OpenSSH\;C:\Program Files\MySQL\MySQL Shell 8.0\bin\;C:\Users\adsti\AppData\Local\Microsoft\WindowsApps;C:\Users\adsti\AppData\Local\Programs\Microsoft VS Code\bin;C:\Users\adsti\AppData\Local\GitHubDesktop\bin;
USERNAME=adsti
OS=Windows_NT
PROCESSOR_IDENTIFIER=AMD64 Family 23 Model 113 Stepping 0, AuthenticAMD
TMP=C:\Users\adsti\AppData\Local\Temp
TEMP=C:\Users\adsti\AppData\Local\Temp



---------------  S Y S T E M  ---------------

OS:
 Windows 11 , 64 bit Build 26100 (10.0.26100.3037)
OS uptime: 1 days 7:34 hours

CPU: total 24 (initial active 24) (24 cores per cpu, 2 threads per core) family 23 model 113 stepping 0 microcode 0x8701021, cx8, cmov, fxsr, ht, mmx, 3dnowpref, sse, sse2, sse3, ssse3, sse4a, sse4.1, sse4.2, popcnt, lzcnt, tsc, tscinvbit, avx, avx2, aes, clmul, bmi1, bmi2, adx, sha, fma, vzeroupper, clflush, clflushopt, rdtscp, rdpid

Memory: 4k page, system-wide physical 65461M (50896M free)
TotalPageFile size 69557M (AvailPageFile size 49101M)
current process WorkingSet (physical memory assigned to process): 47M, peak: 47M
current process commit charge ("private bytes"): 1168M, peak: 1168M

vm_info: Java HotSpot(TM) 64-Bit Server VM (19.0.1+10-21) for windows-amd64 JRE (19.0.1+10-21), built on 2022-09-14T12:45:06Z by "mach5one" with MS VC++ 17.1 (VS2022)

END.
